<?xml version="1.0" encoding="UTF-8"?>
<testsuite xmlns:xsi="http://www.w3.org/2001/XMLSchema-instance" xsi:noNamespaceSchemaLocation="https://maven.apache.org/surefire/maven-surefire-plugin/xsd/surefire-test-report.xsd" version="3.0.2" name="com.iabdinur.journey.AuthenticationIT" time="9.681" tests="1" errors="0" skipped="0" failures="0">
  <properties>
[...]
</properties>
  <testcase name="canLogin" classname="com.iabdinur.journey.AuthenticationIT" time="1.239">
    <system-out><![CDATA[21:06:29.135 [main] INFO org.testcontainers.images.PullPolicy -- Image pull policy will be performed by: DefaultPullPolicy()
21:06:29.143 [main] INFO org.testcontainers.utility.ImageNameSubstitutor -- Image name substitution will be performed by: DefaultImageNameSubstitutor (composite of 'ConfigurationFileImageNameSubstitutor' and 'PrefixingImageNameSubstitutor')
21:06:29.176 [main] INFO org.testcontainers.DockerClientFactory -- Testcontainers version: 1.20.4
21:06:29.408 [main] INFO org.testcontainers.dockerclient.DockerClientProviderStrategy -- Loaded org.testcontainers.dockerclient.UnixSocketClientProviderStrategy from ~/.testcontainers.properties, will try it first
21:06:29.717 [main] INFO org.testcontainers.dockerclient.DockerClientProviderStrategy -- Found Docker environment with local Unix socket (unix:///var/run/docker.sock)
21:06:29.719 [main] INFO org.testcontainers.DockerClientFactory -- Docker host IP address is localhost
21:06:29.738 [main] INFO org.testcontainers.DockerClientFactory -- Connected to docker: 
  Server Version: 27.5.1
  API Version: 1.47
  Operating System: Docker Desktop
  Total Memory: 7837 MB
  Labels: 
    com.docker.desktop.address=unix:///Users/iabdinur/Library/Containers/com.docker.docker/Data/docker-cli.sock
21:06:29.763 [main] INFO tc.testcontainers/ryuk:0.11.0 -- Creating container for image: testcontainers/ryuk:0.11.0
21:06:30.119 [main] INFO tc.testcontainers/ryuk:0.11.0 -- Container testcontainers/ryuk:0.11.0 is starting: 3ea98716936c15c5ccb70dd0466880461b86a360bfd9ef456ee820b931c67aca
21:06:30.437 [main] INFO tc.testcontainers/ryuk:0.11.0 -- Container testcontainers/ryuk:0.11.0 started in PT0.673916S
21:06:30.445 [main] INFO org.testcontainers.utility.RyukResourceReaper -- Ryuk started - will monitor and terminate Testcontainers containers on JVM exit
21:06:30.445 [main] INFO org.testcontainers.DockerClientFactory -- Checking the system...
21:06:30.446 [main] INFO org.testcontainers.DockerClientFactory -- ✔︎ Docker server version should be at least 1.6.0
21:06:30.446 [main] INFO tc.postgres:latest -- Creating container for image: postgres:latest
21:06:30.484 [main] INFO tc.postgres:latest -- Container postgres:latest is starting: cfe772c82ece9a440b7f7bec99f271aff0f98a6632f6ce000ed82cb7fd83bd77
21:06:31.818 [main] INFO tc.postgres:latest -- Container postgres:latest started in PT1.371418S
21:06:31.818 [main] INFO tc.postgres:latest -- Container is started (JDBC URL: jdbc:postgresql://localhost:54394/blog-test?loggerLevel=OFF)
21:06:32.162 [main] INFO org.flywaydb.core.internal.license.VersionPrinter -- Flyway Community Edition 9.22.2 by Redgate
21:06:32.162 [main] INFO org.flywaydb.core.internal.license.VersionPrinter -- See release notes here: https://rd.gt/416ObMi
21:06:32.162 [main] INFO org.flywaydb.core.internal.license.VersionPrinter -- 
21:06:32.375 [main] INFO org.flywaydb.core.FlywayExecutor -- Database: jdbc:postgresql://localhost:54394/blog-test (PostgreSQL 17.4)
21:06:32.388 [main] WARN org.flywaydb.core.internal.database.base.Database -- Flyway upgrade recommended: PostgreSQL 17.4 is newer than this version of Flyway and support has not been tested. The latest supported version of PostgreSQL is 15.
21:06:32.411 [main] INFO org.flywaydb.core.internal.schemahistory.JdbcTableSchemaHistory -- Schema history table "public"."flyway_schema_history" does not exist yet
21:06:32.414 [main] INFO org.flywaydb.core.internal.command.DbValidate -- Successfully validated 2 migrations (execution time 00:00.016s)
21:06:32.432 [main] INFO org.flywaydb.core.internal.schemahistory.JdbcTableSchemaHistory -- Creating Schema History table "public"."flyway_schema_history" ...
21:06:32.507 [main] INFO org.flywaydb.core.internal.command.DbMigrate -- Current version of schema "public": << Empty Schema >>
21:06:32.527 [main] INFO org.flywaydb.core.internal.command.DbMigrate -- Migrating schema "public" to version "1 - Initial schema"
21:06:32.608 [main] INFO org.flywaydb.core.internal.command.DbMigrate -- Migrating schema "public" to version "2 - Seed mock data"
21:06:32.649 [main] INFO org.flywaydb.core.internal.command.DbMigrate -- Successfully applied 2 migrations to schema "public", now at version v2 (execution time 00:00.080s)

  .   ____          _            __ _ _
 /\\ / ___'_ __ _ _(_)_ __  __ _ \ \ \ \
( ( )\___ | '_ | '_| | '_ \/ _` | \ \ \ \
 \\/  ___)| |_)| | | | | || (_| |  ) ) ) )
  '  |____| .__|_| |_|_| |_\__, | / / / /
 =========|_|==============|___/=/_/_/_/

 :: Spring Boot ::                (v3.4.1)

2026-01-12T21:06:32.997-06:00  INFO 64998 --- [blog-api] [           main] com.iabdinur.journey.AuthenticationIT    : Starting AuthenticationIT using Java 23.0.1 with PID 64998 (started by ibrahimabdinur in /Users/iabdinur/git/my-repo/iabdinur/blog/backend)
2026-01-12T21:06:32.998-06:00  INFO 64998 --- [blog-api] [           main] com.iabdinur.journey.AuthenticationIT    : No active profile set, falling back to 1 default profile: "default"
2026-01-12T21:06:33.749-06:00  INFO 64998 --- [blog-api] [           main] .s.d.r.c.RepositoryConfigurationDelegate : Bootstrapping Spring Data JPA repositories in DEFAULT mode.
2026-01-12T21:06:33.779-06:00  INFO 64998 --- [blog-api] [           main] .s.d.r.c.RepositoryConfigurationDelegate : Finished Spring Data repository scanning in 20 ms. Found 0 JPA repository interfaces.
2026-01-12T21:06:34.330-06:00  INFO 64998 --- [blog-api] [           main] com.zaxxer.hikari.HikariDataSource       : HikariPool-1 - Starting...
2026-01-12T21:06:34.361-06:00  INFO 64998 --- [blog-api] [           main] com.zaxxer.hikari.pool.HikariPool        : HikariPool-1 - Added connection org.postgresql.jdbc.PgConnection@257b3561
2026-01-12T21:06:34.362-06:00  INFO 64998 --- [blog-api] [           main] com.zaxxer.hikari.HikariDataSource       : HikariPool-1 - Start completed.
2026-01-12T21:06:34.401-06:00  INFO 64998 --- [blog-api] [           main] org.flywaydb.core.FlywayExecutor         : Database: jdbc:postgresql://localhost:54394/blog-test (PostgreSQL 17.4)
2026-01-12T21:06:34.411-06:00  WARN 64998 --- [blog-api] [           main] o.f.c.internal.database.base.Database    : Flyway upgrade recommended: PostgreSQL 17.4 is newer than this version of Flyway and support has not been tested. The latest supported version of PostgreSQL is 15.
2026-01-12T21:06:34.425-06:00  INFO 64998 --- [blog-api] [           main] o.f.core.internal.command.DbValidate     : Successfully validated 2 migrations (execution time 00:00.010s)
2026-01-12T21:06:34.457-06:00  INFO 64998 --- [blog-api] [           main] o.f.core.internal.command.DbMigrate      : Current version of schema "public": 2
2026-01-12T21:06:34.459-06:00  INFO 64998 --- [blog-api] [           main] o.f.core.internal.command.DbMigrate      : Schema "public" is up to date. No migration necessary.
2026-01-12T21:06:34.561-06:00  INFO 64998 --- [blog-api] [           main] o.hibernate.jpa.internal.util.LogHelper  : HHH000204: Processing PersistenceUnitInfo [name: default]
2026-01-12T21:06:34.636-06:00  INFO 64998 --- [blog-api] [           main] org.hibernate.Version                    : HHH000412: Hibernate ORM core version 6.6.4.Final
2026-01-12T21:06:34.685-06:00  INFO 64998 --- [blog-api] [           main] o.h.c.internal.RegionFactoryInitiator    : HHH000026: Second-level cache disabled
2026-01-12T21:06:34.949-06:00  INFO 64998 --- [blog-api] [           main] o.s.o.j.p.SpringPersistenceUnitInfo      : No LoadTimeWeaver setup: ignoring JPA class transformer
2026-01-12T21:06:35.035-06:00  INFO 64998 --- [blog-api] [           main] org.hibernate.orm.connections.pooling    : HHH10001005: Database info:
	Database JDBC URL [Connecting through datasource 'HikariDataSource (HikariPool-1)']
	Database driver: undefined/unknown
	Database version: 17.4
	Autocommit mode: undefined/unknown
	Isolation level: undefined/unknown
	Minimum pool size: undefined/unknown
	Maximum pool size: undefined/unknown
2026-01-12T21:06:36.067-06:00  INFO 64998 --- [blog-api] [           main] o.h.e.t.j.p.i.JtaPlatformInitiator       : HHH000489: No JTA platform available (set 'hibernate.transaction.jta.platform' to enable JTA platform integration)
2026-01-12T21:06:36.070-06:00  INFO 64998 --- [blog-api] [           main] j.LocalContainerEntityManagerFactoryBean : Initialized JPA EntityManagerFactory for persistence unit 'default'
2026-01-12T21:06:36.149-06:00  INFO 64998 --- [blog-api] [           main] eAuthenticationProviderManagerConfigurer : Global AuthenticationManager configured with AuthenticationProvider bean with name authenticationProvider
2026-01-12T21:06:36.149-06:00  WARN 64998 --- [blog-api] [           main] r$InitializeUserDetailsManagerConfigurer : Global AuthenticationManager configured with an AuthenticationProvider bean. UserDetailsService beans will not be used by Spring Security for automatically configuring username/password login. Consider removing the AuthenticationProvider bean. Alternatively, consider using the UserDetailsService in a manually instantiated DaoAuthenticationProvider. If the current configuration is intentional, to turn off this warning, increase the logging level of 'org.springframework.security.config.annotation.authentication.configuration.InitializeUserDetailsBeanManagerConfigurer' to ERROR
2026-01-12T21:06:36.273-06:00  WARN 64998 --- [blog-api] [           main] JpaBaseConfiguration$JpaWebConfiguration : spring.jpa.open-in-view is enabled by default. Therefore, database queries may be performed during view rendering. Explicitly configure spring.jpa.open-in-view to disable this warning
2026-01-12T21:06:37.006-06:00  INFO 64998 --- [blog-api] [           main] o.s.b.t.m.w.SpringBootMockServletContext : Initializing Spring TestDispatcherServlet ''
2026-01-12T21:06:37.007-06:00  INFO 64998 --- [blog-api] [           main] o.s.t.web.servlet.TestDispatcherServlet  : Initializing Servlet ''
2026-01-12T21:06:37.008-06:00  INFO 64998 --- [blog-api] [           main] o.s.t.web.servlet.TestDispatcherServlet  : Completed initialization in 1 ms
2026-01-12T21:06:37.134-06:00  INFO 64998 --- [blog-api] [           main] com.iabdinur.journey.AuthenticationIT    : Started AuthenticationIT in 4.439 seconds (process running for 8.883)
]]></system-out>
    <system-err><![CDATA[Mockito is currently self-attaching to enable the inline-mock-maker. This will no longer work in future releases of the JDK. Please add Mockito as an agent to your build what is described in Mockito's documentation: https://javadoc.io/doc/org.mockito/mockito-core/latest/org/mockito/Mockito.html#0.3
WARNING: A Java agent has been loaded dynamically (/Users/iabdinur/.m2/repository/net/bytebuddy/byte-buddy-agent/1.15.11/byte-buddy-agent-1.15.11.jar)
WARNING: If a serviceability tool is in use, please run with -XX:+EnableDynamicAgentLoading to hide this warning
WARNING: If a serviceability tool is not in use, please run with -Djdk.instrument.traceUsage for more information
WARNING: Dynamic loading of agents will be disallowed by default in a future release
]]></system-err>
  </testcase>
</testsuite>