<?xml version="1.0" encoding="UTF-8"?>
<testsuite xmlns:xsi="http://www.w3.org/2001/XMLSchema-instance" xsi:noNamespaceSchemaLocation="https://maven.apache.org/surefire/maven-surefire-plugin/xsd/surefire-test-report.xsd" version="3.0.2" name="com.iabdinur.repository.TagJDBCDataAccessServiceTest" time="2.648" tests="15" errors="0" skipped="0" failures="0">
  <properties>
[...]
</properties>
  <testcase name="itShouldExistsTagWithNameReturnFalseWhenDoesNotExist" classname="com.iabdinur.repository.TagJDBCDataAccessServiceTest" time="0.034">
    <system-out><![CDATA[19:48:18.955 [main] INFO tc.postgres:latest -- Creating container for image: postgres:latest
19:48:19.042 [main] INFO tc.postgres:latest -- Container postgres:latest is starting: 76bdacd49a47548e8771c2f104268f45b3db5525cc429d9cbc4b4fd22af495d4
19:48:20.438 [main] INFO tc.postgres:latest -- Container postgres:latest started in PT1.483216S
19:48:20.439 [main] INFO tc.postgres:latest -- Container is started (JDBC URL: jdbc:postgresql://localhost:60137/blog-test?loggerLevel=OFF)
19:48:20.472 [main] INFO org.flywaydb.core.FlywayExecutor -- Database: jdbc:postgresql://localhost:60137/blog-test (PostgreSQL 17.4)
19:48:20.485 [main] WARN org.flywaydb.core.internal.database.base.Database -- Flyway upgrade recommended: PostgreSQL 17.4 is newer than this version of Flyway and support has not been tested. The latest supported version of PostgreSQL is 15.
19:48:20.498 [main] INFO org.flywaydb.core.internal.schemahistory.JdbcTableSchemaHistory -- Schema history table "public"."flyway_schema_history" does not exist yet
19:48:20.501 [main] INFO org.flywaydb.core.internal.command.DbValidate -- Successfully validated 2 migrations (execution time 00:00.011s)
19:48:20.522 [main] INFO org.flywaydb.core.internal.schemahistory.JdbcTableSchemaHistory -- Creating Schema History table "public"."flyway_schema_history" ...
19:48:20.580 [main] INFO org.flywaydb.core.internal.command.DbMigrate -- Current version of schema "public": << Empty Schema >>
19:48:20.588 [main] INFO org.flywaydb.core.internal.command.DbMigrate -- Migrating schema "public" to version "1 - Initial schema"
19:48:20.705 [main] INFO org.flywaydb.core.internal.command.DbMigrate -- Migrating schema "public" to version "2 - Seed mock data"
19:48:20.780 [main] INFO org.flywaydb.core.internal.command.DbMigrate -- Successfully applied 2 migrations to schema "public", now at version v2 (execution time 00:00.155s)
19:48:20.790 [main] WARN com.zaxxer.hikari.HikariConfig -- HikariPool-4 - idleTimeout is less than 10000ms, setting to default 600000ms.
19:48:20.790 [main] INFO com.zaxxer.hikari.HikariDataSource -- HikariPool-4 - Starting...
19:48:20.814 [main] INFO com.zaxxer.hikari.pool.HikariPool -- HikariPool-4 - Added connection org.postgresql.jdbc.PgConnection@309e3f34
19:48:20.815 [main] INFO com.zaxxer.hikari.HikariDataSource -- HikariPool-4 - Start completed.
]]></system-out>
  </testcase>
  <testcase name="itShouldDeleteTagById" classname="com.iabdinur.repository.TagJDBCDataAccessServiceTest" time="0.018"/>
  <testcase name="itShouldSelectTagBySlug" classname="com.iabdinur.repository.TagJDBCDataAccessServiceTest" time="0.015"/>
  <testcase name="itShouldInsertTag" classname="com.iabdinur.repository.TagJDBCDataAccessServiceTest" time="0.009"/>
  <testcase name="itShouldExistsTagByIdWillReturnFalseWhenTagIdNotPresent" classname="com.iabdinur.repository.TagJDBCDataAccessServiceTest" time="0.009"/>
  <testcase name="itShouldNotUpdateWhenNothingToUpdate" classname="com.iabdinur.repository.TagJDBCDataAccessServiceTest" time="0.01"/>
  <testcase name="itShouldSelectTagById" classname="com.iabdinur.repository.TagJDBCDataAccessServiceTest" time="0.012"/>
  <testcase name="itShouldReturnEmptyWhenSelectTagById" classname="com.iabdinur.repository.TagJDBCDataAccessServiceTest" time="0.006"/>
  <testcase name="itShouldSelectAllTags" classname="com.iabdinur.repository.TagJDBCDataAccessServiceTest" time="0.012"/>
  <testcase name="itShouldExistsTagWithSlugReturnFalseWhenDoesNotExist" classname="com.iabdinur.repository.TagJDBCDataAccessServiceTest" time="0.007"/>
  <testcase name="itShouldExistsTagWithName" classname="com.iabdinur.repository.TagJDBCDataAccessServiceTest" time="0.013"/>
  <testcase name="itShouldExistsTagWithSlug" classname="com.iabdinur.repository.TagJDBCDataAccessServiceTest" time="0.016"/>
  <testcase name="itShouldUpdateTagName" classname="com.iabdinur.repository.TagJDBCDataAccessServiceTest" time="0.169"/>
  <testcase name="itShouldUpdateTagSlug" classname="com.iabdinur.repository.TagJDBCDataAccessServiceTest" time="0.016"/>
  <testcase name="itShouldExistsTagById" classname="com.iabdinur.repository.TagJDBCDataAccessServiceTest" time="0.014"/>
</testsuite>