<?xml version="1.0" encoding="UTF-8"?>
<testsuite xmlns:xsi="http://www.w3.org/2001/XMLSchema-instance" xsi:noNamespaceSchemaLocation="https://maven.apache.org/surefire/maven-failsafe-plugin/xsd/failsafe-test-report.xsd" version="3.0.2" name="com.iabdinur.journey.AuthenticationIT" time="11.532" tests="1" errors="0" skipped="0" failures="0">
  <properties>
[...]
</properties>
  <testcase name="canLogin" classname="com.iabdinur.journey.AuthenticationIT" time="0.875">
    <system-out><![CDATA[19:48:43.654 [main] INFO org.testcontainers.images.PullPolicy -- Image pull policy will be performed by: DefaultPullPolicy()
19:48:43.660 [main] INFO org.testcontainers.utility.ImageNameSubstitutor -- Image name substitution will be performed by: DefaultImageNameSubstitutor (composite of 'ConfigurationFileImageNameSubstitutor' and 'PrefixingImageNameSubstitutor')
19:48:43.693 [main] INFO org.testcontainers.DockerClientFactory -- Testcontainers version: 1.21.4
19:48:43.895 [main] INFO org.testcontainers.dockerclient.DockerClientProviderStrategy -- Loaded org.testcontainers.dockerclient.UnixSocketClientProviderStrategy from ~/.testcontainers.properties, will try it first
19:48:44.169 [main] INFO org.testcontainers.dockerclient.DockerClientProviderStrategy -- Found Docker environment with local Unix socket (unix:///var/run/docker.sock)
19:48:44.171 [main] INFO org.testcontainers.DockerClientFactory -- Docker host IP address is localhost
19:48:44.191 [main] INFO org.testcontainers.DockerClientFactory -- Connected to docker: 
  Server Version: 27.5.1
  API Version: 1.47
  Operating System: Docker Desktop
  Total Memory: 7837 MB
  Labels: 
    com.docker.desktop.address=unix:///Users/iabdinur/Library/Containers/com.docker.docker/Data/docker-cli.sock
19:48:44.217 [main] INFO tc.testcontainers/ryuk:0.12.0 -- Creating container for image: testcontainers/ryuk:0.12.0
19:48:44.525 [main] INFO tc.testcontainers/ryuk:0.12.0 -- Container testcontainers/ryuk:0.12.0 is starting: dc6a6ba59001d4e01c72e1602e591f3ebdeb0bda7cbf7417ab2f669a1aeaa32b
19:48:44.858 [main] INFO tc.testcontainers/ryuk:0.12.0 -- Container testcontainers/ryuk:0.12.0 started in PT0.64068S
19:48:44.865 [main] INFO org.testcontainers.utility.RyukResourceReaper -- Ryuk started - will monitor and terminate Testcontainers containers on JVM exit
19:48:44.865 [main] INFO org.testcontainers.DockerClientFactory -- Checking the system...
19:48:44.865 [main] INFO org.testcontainers.DockerClientFactory -- ✔︎ Docker server version should be at least 1.6.0
19:48:44.866 [main] INFO tc.postgres:latest -- Creating container for image: postgres:latest
19:48:44.917 [main] INFO tc.postgres:latest -- Container postgres:latest is starting: b145dbefa4be5cc8822822eedad714327214cd413dd9d7394b171e78b1e2b976
19:48:46.296 [main] INFO tc.postgres:latest -- Container postgres:latest started in PT1.430499S
19:48:46.297 [main] INFO tc.postgres:latest -- Container is started (JDBC URL: jdbc:postgresql://localhost:60217/blog-test?loggerLevel=OFF)
19:48:46.592 [main] INFO org.flywaydb.core.internal.license.VersionPrinter -- Flyway Community Edition 9.22.2 by Redgate
19:48:46.592 [main] INFO org.flywaydb.core.internal.license.VersionPrinter -- See release notes here: https://rd.gt/416ObMi
19:48:46.592 [main] INFO org.flywaydb.core.internal.license.VersionPrinter -- 
19:48:46.781 [main] INFO org.flywaydb.core.FlywayExecutor -- Database: jdbc:postgresql://localhost:60217/blog-test (PostgreSQL 17.4)
19:48:46.791 [main] WARN org.flywaydb.core.internal.database.base.Database -- Flyway upgrade recommended: PostgreSQL 17.4 is newer than this version of Flyway and support has not been tested. The latest supported version of PostgreSQL is 15.
19:48:46.816 [main] INFO org.flywaydb.core.internal.schemahistory.JdbcTableSchemaHistory -- Schema history table "public"."flyway_schema_history" does not exist yet
19:48:46.820 [main] INFO org.flywaydb.core.internal.command.DbValidate -- Successfully validated 2 migrations (execution time 00:00.018s)
19:48:46.837 [main] INFO org.flywaydb.core.internal.schemahistory.JdbcTableSchemaHistory -- Creating Schema History table "public"."flyway_schema_history" ...
19:48:46.917 [main] INFO org.flywaydb.core.internal.command.DbMigrate -- Current version of schema "public": << Empty Schema >>
19:48:46.941 [main] INFO org.flywaydb.core.internal.command.DbMigrate -- Migrating schema "public" to version "1 - Initial schema"
19:48:47.039 [main] INFO org.flywaydb.core.internal.command.DbMigrate -- Migrating schema "public" to version "2 - Seed mock data"
19:48:47.092 [main] INFO org.flywaydb.core.internal.command.DbMigrate -- Successfully applied 2 migrations to schema "public", now at version v2 (execution time 00:00.099s)

  .   ____          _            __ _ _
 /\\ / ___'_ __ _ _(_)_ __  __ _ \ \ \ \
( ( )\___ | '_ | '_| | '_ \/ _` | \ \ \ \
 \\/  ___)| |_)| | | | | || (_| |  ) ) ) )
  '  |____| .__|_| |_|_| |_\__, | / / / /
 =========|_|==============|___/=/_/_/_/

 :: Spring Boot ::                (v3.4.2)

2026-01-17T19:48:47.633-06:00  INFO 35595 --- [blog-api] [           main] com.iabdinur.journey.AuthenticationIT    : Starting AuthenticationIT using Java 23.0.1 with PID 35595 (started by ibrahimabdinur in /Users/iabdinur/git/my-repo/iabdinur/blog/backend)
2026-01-17T19:48:47.637-06:00  INFO 35595 --- [blog-api] [           main] com.iabdinur.journey.AuthenticationIT    : No active profile set, falling back to 1 default profile: "default"
2026-01-17T19:48:48.484-06:00  INFO 35595 --- [blog-api] [           main] .s.d.r.c.RepositoryConfigurationDelegate : Bootstrapping Spring Data JPA repositories in DEFAULT mode.
2026-01-17T19:48:48.514-06:00  INFO 35595 --- [blog-api] [           main] .s.d.r.c.RepositoryConfigurationDelegate : Finished Spring Data repository scanning in 21 ms. Found 0 JPA repository interfaces.
2026-01-17T19:48:49.105-06:00  INFO 35595 --- [blog-api] [           main] com.zaxxer.hikari.HikariDataSource       : HikariPool-1 - Starting...
2026-01-17T19:48:49.144-06:00  INFO 35595 --- [blog-api] [           main] com.zaxxer.hikari.pool.HikariPool        : HikariPool-1 - Added connection org.postgresql.jdbc.PgConnection@29592929
2026-01-17T19:48:49.145-06:00  INFO 35595 --- [blog-api] [           main] com.zaxxer.hikari.HikariDataSource       : HikariPool-1 - Start completed.
2026-01-17T19:48:49.185-06:00  INFO 35595 --- [blog-api] [           main] org.flywaydb.core.FlywayExecutor         : Database: jdbc:postgresql://localhost:60217/blog-test (PostgreSQL 17.4)
2026-01-17T19:48:49.194-06:00  WARN 35595 --- [blog-api] [           main] o.f.c.internal.database.base.Database    : Flyway upgrade recommended: PostgreSQL 17.4 is newer than this version of Flyway and support has not been tested. The latest supported version of PostgreSQL is 15.
2026-01-17T19:48:49.207-06:00  INFO 35595 --- [blog-api] [           main] o.f.core.internal.command.DbValidate     : Successfully validated 2 migrations (execution time 00:00.010s)
2026-01-17T19:48:49.249-06:00  INFO 35595 --- [blog-api] [           main] o.f.core.internal.command.DbMigrate      : Current version of schema "public": 2
2026-01-17T19:48:49.251-06:00  INFO 35595 --- [blog-api] [           main] o.f.core.internal.command.DbMigrate      : Schema "public" is up to date. No migration necessary.
2026-01-17T19:48:49.341-06:00  INFO 35595 --- [blog-api] [           main] o.hibernate.jpa.internal.util.LogHelper  : HHH000204: Processing PersistenceUnitInfo [name: default]
2026-01-17T19:48:49.391-06:00  INFO 35595 --- [blog-api] [           main] org.hibernate.Version                    : HHH000412: Hibernate ORM core version 6.6.5.Final
2026-01-17T19:48:49.419-06:00  INFO 35595 --- [blog-api] [           main] o.h.c.internal.RegionFactoryInitiator    : HHH000026: Second-level cache disabled
2026-01-17T19:48:49.677-06:00  INFO 35595 --- [blog-api] [           main] o.s.o.j.p.SpringPersistenceUnitInfo      : No LoadTimeWeaver setup: ignoring JPA class transformer
2026-01-17T19:48:49.743-06:00  INFO 35595 --- [blog-api] [           main] org.hibernate.orm.connections.pooling    : HHH10001005: Database info:
	Database JDBC URL [Connecting through datasource 'HikariDataSource (HikariPool-1)']
	Database driver: undefined/unknown
	Database version: 17.4
	Autocommit mode: undefined/unknown
	Isolation level: undefined/unknown
	Minimum pool size: undefined/unknown
	Maximum pool size: undefined/unknown
2026-01-17T19:48:51.153-06:00  INFO 35595 --- [blog-api] [           main] o.h.e.t.j.p.i.JtaPlatformInitiator       : HHH000489: No JTA platform available (set 'hibernate.transaction.jta.platform' to enable JTA platform integration)
2026-01-17T19:48:51.156-06:00  INFO 35595 --- [blog-api] [           main] j.LocalContainerEntityManagerFactoryBean : Initialized JPA EntityManagerFactory for persistence unit 'default'
2026-01-17T19:48:51.281-06:00  INFO 35595 --- [blog-api] [           main] eAuthenticationProviderManagerConfigurer : Global AuthenticationManager configured with AuthenticationProvider bean with name authenticationProvider
2026-01-17T19:48:51.281-06:00  WARN 35595 --- [blog-api] [           main] r$InitializeUserDetailsManagerConfigurer : Global AuthenticationManager configured with an AuthenticationProvider bean. UserDetailsService beans will not be used by Spring Security for automatically configuring username/password login. Consider removing the AuthenticationProvider bean. Alternatively, consider using the UserDetailsService in a manually instantiated DaoAuthenticationProvider. If the current configuration is intentional, to turn off this warning, increase the logging level of 'org.springframework.security.config.annotation.authentication.configuration.InitializeUserDetailsBeanManagerConfigurer' to ERROR
2026-01-17T19:48:51.414-06:00  WARN 35595 --- [blog-api] [           main] com.iabdinur.service.SesEmailService     : Email service is disabled or AWS credentials are not configured. Emails will be logged to console only.
2026-01-17T19:48:52.556-06:00  WARN 35595 --- [blog-api] [           main] JpaBaseConfiguration$JpaWebConfiguration : spring.jpa.open-in-view is enabled by default. Therefore, database queries may be performed during view rendering. Explicitly configure spring.jpa.open-in-view to disable this warning
2026-01-17T19:48:53.693-06:00  INFO 35595 --- [blog-api] [           main] o.s.b.t.m.w.SpringBootMockServletContext : Initializing Spring TestDispatcherServlet ''
2026-01-17T19:48:53.694-06:00  INFO 35595 --- [blog-api] [           main] o.s.t.web.servlet.TestDispatcherServlet  : Initializing Servlet ''
2026-01-17T19:48:53.697-06:00  INFO 35595 --- [blog-api] [           main] o.s.t.web.servlet.TestDispatcherServlet  : Completed initialization in 3 ms
2026-01-17T19:48:53.858-06:00  INFO 35595 --- [blog-api] [           main] com.iabdinur.journey.AuthenticationIT    : Started AuthenticationIT in 6.711 seconds (process running for 10.998)
]]></system-out>
    <system-err><![CDATA[Mockito is currently self-attaching to enable the inline-mock-maker. This will no longer work in future releases of the JDK. Please add Mockito as an agent to your build what is described in Mockito's documentation: https://javadoc.io/doc/org.mockito/mockito-core/latest/org/mockito/Mockito.html#0.3
WARNING: A Java agent has been loaded dynamically (/Users/iabdinur/.m2/repository/net/bytebuddy/byte-buddy-agent/1.15.11/byte-buddy-agent-1.15.11.jar)
WARNING: If a serviceability tool is in use, please run with -XX:+EnableDynamicAgentLoading to hide this warning
WARNING: If a serviceability tool is not in use, please run with -Djdk.instrument.traceUsage for more information
WARNING: Dynamic loading of agents will be disallowed by default in a future release
]]></system-err>
  </testcase>
</testsuite>