<?xml version="1.0" encoding="UTF-8"?>
<testsuite xmlns:xsi="http://www.w3.org/2001/XMLSchema-instance" xsi:noNamespaceSchemaLocation="https://maven.apache.org/surefire/maven-failsafe-plugin/xsd/failsafe-test-report.xsd" version="3.0.2" name="com.iabdinur.journey.BlogAppIT" time="3.071" tests="5" errors="0" skipped="0" failures="0">
  <properties>
[...]
</properties>
  <testcase name="itShouldRejectLoginWithInvalidCredentials" classname="com.iabdinur.journey.BlogAppIT" time="0.04">
    <system-out><![CDATA[2026-01-10T20:09:15.469-06:00  INFO 8817 --- [blog-api] [           main] tc.postgres:latest                       : Creating container for image: postgres:latest
2026-01-10T20:09:15.515-06:00  INFO 8817 --- [blog-api] [           main] tc.postgres:latest                       : Container postgres:latest is starting: ac311ed9aff322ce01520190d39a56fc6bee361604ffa83bce3afc4d1307e124
2026-01-10T20:09:16.657-06:00  INFO 8817 --- [blog-api] [           main] tc.postgres:latest                       : Container postgres:latest started in PT1.18861S
2026-01-10T20:09:16.658-06:00  INFO 8817 --- [blog-api] [           main] tc.postgres:latest                       : Container is started (JDBC URL: jdbc:postgresql://localhost:53776/blog-test?loggerLevel=OFF)
2026-01-10T20:09:16.691-06:00  INFO 8817 --- [blog-api] [           main] org.flywaydb.core.FlywayExecutor         : Database: jdbc:postgresql://localhost:53776/blog-test (PostgreSQL 17.4)
2026-01-10T20:09:16.698-06:00  WARN 8817 --- [blog-api] [           main] o.f.c.internal.database.base.Database    : Flyway upgrade recommended: PostgreSQL 17.4 is newer than this version of Flyway and support has not been tested. The latest supported version of PostgreSQL is 15.
2026-01-10T20:09:16.704-06:00  INFO 8817 --- [blog-api] [           main] o.f.c.i.s.JdbcTableSchemaHistory         : Schema history table "public"."flyway_schema_history" does not exist yet
2026-01-10T20:09:16.705-06:00  INFO 8817 --- [blog-api] [           main] o.f.core.internal.command.DbValidate     : Successfully validated 2 migrations (execution time 00:00.005s)
2026-01-10T20:09:16.715-06:00  INFO 8817 --- [blog-api] [           main] o.f.c.i.s.JdbcTableSchemaHistory         : Creating Schema History table "public"."flyway_schema_history" ...
2026-01-10T20:09:16.753-06:00  INFO 8817 --- [blog-api] [           main] o.f.core.internal.command.DbMigrate      : Current version of schema "public": << Empty Schema >>
2026-01-10T20:09:16.761-06:00  INFO 8817 --- [blog-api] [           main] o.f.core.internal.command.DbMigrate      : Migrating schema "public" to version "1 - Initial schema"
2026-01-10T20:09:16.808-06:00  INFO 8817 --- [blog-api] [           main] o.f.core.internal.command.DbMigrate      : Migrating schema "public" to version "2 - Seed mock data"
2026-01-10T20:09:16.837-06:00  INFO 8817 --- [blog-api] [           main] o.f.core.internal.command.DbMigrate      : Successfully applied 2 migrations to schema "public", now at version v2 (execution time 00:00.053s)

  .   ____          _            __ _ _
 /\\ / ___'_ __ _ _(_)_ __  __ _ \ \ \ \
( ( )\___ | '_ | '_| | '_ \/ _` | \ \ \ \
 \\/  ___)| |_)| | | | | || (_| |  ) ) ) )
  '  |____| .__|_| |_|_| |_\__, | / / / /
 =========|_|==============|___/=/_/_/_/

 :: Spring Boot ::                (v3.4.1)

2026-01-10T20:09:16.862-06:00  INFO 8817 --- [blog-api] [           main] com.iabdinur.journey.BlogAppIT           : Starting BlogAppIT using Java 23.0.1 with PID 8817 (started by ibrahimabdinur in /Users/iabdinur/git/my-repo/iabdinur/blog/backend)
2026-01-10T20:09:16.862-06:00  INFO 8817 --- [blog-api] [           main] com.iabdinur.journey.BlogAppIT           : No active profile set, falling back to 1 default profile: "default"
2026-01-10T20:09:16.991-06:00  INFO 8817 --- [blog-api] [           main] .s.d.r.c.RepositoryConfigurationDelegate : Bootstrapping Spring Data JPA repositories in DEFAULT mode.
2026-01-10T20:09:16.997-06:00  INFO 8817 --- [blog-api] [           main] .s.d.r.c.RepositoryConfigurationDelegate : Finished Spring Data repository scanning in 4 ms. Found 0 JPA repository interfaces.
2026-01-10T20:09:17.064-06:00  INFO 8817 --- [blog-api] [           main] com.zaxxer.hikari.HikariDataSource       : HikariPool-2 - Starting...
2026-01-10T20:09:17.084-06:00  INFO 8817 --- [blog-api] [           main] com.zaxxer.hikari.pool.HikariPool        : HikariPool-2 - Added connection org.postgresql.jdbc.PgConnection@43209a20
2026-01-10T20:09:17.084-06:00  INFO 8817 --- [blog-api] [           main] com.zaxxer.hikari.HikariDataSource       : HikariPool-2 - Start completed.
2026-01-10T20:09:17.090-06:00  INFO 8817 --- [blog-api] [           main] org.flywaydb.core.FlywayExecutor         : Database: jdbc:postgresql://localhost:53776/blog-test (PostgreSQL 17.4)
2026-01-10T20:09:17.096-06:00  WARN 8817 --- [blog-api] [           main] o.f.c.internal.database.base.Database    : Flyway upgrade recommended: PostgreSQL 17.4 is newer than this version of Flyway and support has not been tested. The latest supported version of PostgreSQL is 15.
2026-01-10T20:09:17.103-06:00  INFO 8817 --- [blog-api] [           main] o.f.core.internal.command.DbValidate     : Successfully validated 2 migrations (execution time 00:00.005s)
2026-01-10T20:09:17.133-06:00  INFO 8817 --- [blog-api] [           main] o.f.core.internal.command.DbMigrate      : Current version of schema "public": 2
2026-01-10T20:09:17.134-06:00  INFO 8817 --- [blog-api] [           main] o.f.core.internal.command.DbMigrate      : Schema "public" is up to date. No migration necessary.
2026-01-10T20:09:17.152-06:00  INFO 8817 --- [blog-api] [           main] o.hibernate.jpa.internal.util.LogHelper  : HHH000204: Processing PersistenceUnitInfo [name: default]
2026-01-10T20:09:17.153-06:00  INFO 8817 --- [blog-api] [           main] o.h.c.internal.RegionFactoryInitiator    : HHH000026: Second-level cache disabled
2026-01-10T20:09:17.159-06:00  INFO 8817 --- [blog-api] [           main] o.s.o.j.p.SpringPersistenceUnitInfo      : No LoadTimeWeaver setup: ignoring JPA class transformer
2026-01-10T20:09:17.165-06:00  INFO 8817 --- [blog-api] [           main] org.hibernate.orm.connections.pooling    : HHH10001005: Database info:
	Database JDBC URL [Connecting through datasource 'HikariDataSource (HikariPool-2)']
	Database driver: undefined/unknown
	Database version: 17.4
	Autocommit mode: undefined/unknown
	Isolation level: undefined/unknown
	Minimum pool size: undefined/unknown
	Maximum pool size: undefined/unknown
2026-01-10T20:09:17.301-06:00  INFO 8817 --- [blog-api] [           main] o.h.e.t.j.p.i.JtaPlatformInitiator       : HHH000489: No JTA platform available (set 'hibernate.transaction.jta.platform' to enable JTA platform integration)
2026-01-10T20:09:17.301-06:00  INFO 8817 --- [blog-api] [           main] j.LocalContainerEntityManagerFactoryBean : Initialized JPA EntityManagerFactory for persistence unit 'default'
2026-01-10T20:09:17.318-06:00  INFO 8817 --- [blog-api] [           main] eAuthenticationProviderManagerConfigurer : Global AuthenticationManager configured with AuthenticationProvider bean with name authenticationProvider
2026-01-10T20:09:17.318-06:00  WARN 8817 --- [blog-api] [           main] r$InitializeUserDetailsManagerConfigurer : Global AuthenticationManager configured with an AuthenticationProvider bean. UserDetailsService beans will not be used by Spring Security for automatically configuring username/password login. Consider removing the AuthenticationProvider bean. Alternatively, consider using the UserDetailsService in a manually instantiated DaoAuthenticationProvider. If the current configuration is intentional, to turn off this warning, increase the logging level of 'org.springframework.security.config.annotation.authentication.configuration.InitializeUserDetailsBeanManagerConfigurer' to ERROR
2026-01-10T20:09:17.336-06:00  WARN 8817 --- [blog-api] [           main] JpaBaseConfiguration$JpaWebConfiguration : spring.jpa.open-in-view is enabled by default. Therefore, database queries may be performed during view rendering. Explicitly configure spring.jpa.open-in-view to disable this warning
2026-01-10T20:09:17.466-06:00  INFO 8817 --- [blog-api] [           main] o.s.b.t.m.w.SpringBootMockServletContext : Initializing Spring TestDispatcherServlet ''
2026-01-10T20:09:17.466-06:00  INFO 8817 --- [blog-api] [           main] o.s.t.web.servlet.TestDispatcherServlet  : Initializing Servlet ''
2026-01-10T20:09:17.467-06:00  INFO 8817 --- [blog-api] [           main] o.s.t.web.servlet.TestDispatcherServlet  : Completed initialization in 1 ms
2026-01-10T20:09:17.475-06:00  INFO 8817 --- [blog-api] [           main] com.iabdinur.journey.BlogAppIT           : Started BlogAppIT in 0.631 seconds (process running for 11.402)
]]></system-out>
  </testcase>
  <testcase name="itShouldInitializePostWithZeroViews" classname="com.iabdinur.journey.BlogAppIT" time="0.083"/>
  <testcase name="itShouldAllowUserToLoginCreateContentAndInteractWithPosts" classname="com.iabdinur.journey.BlogAppIT" time="0.386"/>
  <testcase name="itShouldPreventLikesFromGoingBelowZero" classname="com.iabdinur.journey.BlogAppIT" time="0.042"/>
  <testcase name="itShouldAllowAdminToManageContentToFullEffect" classname="com.iabdinur.journey.BlogAppIT" time="0.252"/>
</testsuite>